<?xml version="1.0" encoding="UTF-8"?>
<!-- Generated by org.testng.reporters.JUnitXMLReporter -->
<testsuite ignored="0" hostname="DESKTOP-VI456PS" failures="0" tests="4" name="Test" time="26.576" errors="0" timestamp="2022-10-20T19:45:57 IST">
  <testcase classname="fundModule.VerifyUserCanAddFunds" name="VerifyUserCanLogin" time="10.319"/>
  <testcase classname="fundModule.VerifyUserCanAddFunds" name="VerifyUserCanOpenFundWindow" time="0.484"/>
  <testcase classname="fundModule.VerifyUserCanAddFunds" name="VerifyUserCanOpenDepositeFundWindow" time="3.205"/>
  <testcase classname="fundModule.VerifyUserCanAddFunds" name="VerifyUserCanFillDepositeDetailsAdnContinue" time="3.066"/>
</testsuite> <!-- Test -->
