<?xml version="1.0" encoding="UTF-8"?>
<testng-results ignored="0" total="4" passed="4" failed="0" skipped="0">
  <reporter-output>
  </reporter-output>
  <suite started-at="2022-10-20T19:45:31 IST" name="Suite" finished-at="2022-10-20T19:45:57 IST" duration-ms="26576">
    <groups>
    </groups>
    <test started-at="2022-10-20T19:45:31 IST" name="Test" finished-at="2022-10-20T19:45:57 IST" duration-ms="26576">
      <class name="fundModule.VerifyUserCanAddFunds">
        <test-method is-config="true" signature="beforeClass()[pri:0, instance:fundModule.VerifyUserCanAddFunds@73e9cf30]" started-at="2022-10-20T19:45:31 IST" name="beforeClass" finished-at="2022-10-20T19:45:40 IST" duration-ms="9333" status="PASS">
          <reporter-output>
          </reporter-output>
        </test-method> <!-- beforeClass -->
        <test-method is-config="true" signature="beforeMethod()[pri:0, instance:fundModule.VerifyUserCanAddFunds@73e9cf30]" started-at="2022-10-20T19:45:40 IST" name="beforeMethod" finished-at="2022-10-20T19:45:40 IST" duration-ms="63" status="PASS">
          <reporter-output>
          </reporter-output>
        </test-method> <!-- beforeMethod -->
        <test-method signature="VerifyUserCanLogin()[pri:1, instance:fundModule.VerifyUserCanAddFunds@73e9cf30]" started-at="2022-10-20T19:45:40 IST" name="VerifyUserCanLogin" finished-at="2022-10-20T19:45:50 IST" duration-ms="10319" status="PASS">
          <reporter-output>
          </reporter-output>
        </test-method> <!-- VerifyUserCanLogin -->
        <test-method is-config="true" signature="afterMethod()[pri:0, instance:fundModule.VerifyUserCanAddFunds@73e9cf30]" started-at="2022-10-20T19:45:50 IST" name="afterMethod" finished-at="2022-10-20T19:45:50 IST" duration-ms="1" status="PASS">
          <reporter-output>
          </reporter-output>
        </test-method> <!-- afterMethod -->
        <test-method is-config="true" signature="beforeMethod()[pri:0, instance:fundModule.VerifyUserCanAddFunds@73e9cf30]" started-at="2022-10-20T19:45:50 IST" name="beforeMethod" finished-at="2022-10-20T19:45:50 IST" duration-ms="6" status="PASS">
          <reporter-output>
          </reporter-output>
        </test-method> <!-- beforeMethod -->
        <test-method signature="VerifyUserCanOpenFundWindow()[pri:2, instance:fundModule.VerifyUserCanAddFunds@73e9cf30]" started-at="2022-10-20T19:45:50 IST" name="VerifyUserCanOpenFundWindow" finished-at="2022-10-20T19:45:51 IST" depends-on-methods="fundModule.VerifyUserCanAddFunds.VerifyUserCanLogin" duration-ms="484" status="PASS">
          <reporter-output>
          </reporter-output>
        </test-method> <!-- VerifyUserCanOpenFundWindow -->
        <test-method is-config="true" signature="beforeMethod()[pri:0, instance:fundModule.VerifyUserCanAddFunds@73e9cf30]" started-at="2022-10-20T19:45:51 IST" name="beforeMethod" finished-at="2022-10-20T19:45:51 IST" duration-ms="1" status="PASS">
          <reporter-output>
          </reporter-output>
        </test-method> <!-- beforeMethod -->
        <test-method is-config="true" signature="afterMethod()[pri:0, instance:fundModule.VerifyUserCanAddFunds@73e9cf30]" started-at="2022-10-20T19:45:51 IST" name="afterMethod" finished-at="2022-10-20T19:45:51 IST" duration-ms="0" status="PASS">
          <reporter-output>
          </reporter-output>
        </test-method> <!-- afterMethod -->
        <test-method signature="VerifyUserCanOpenDepositeFundWindow()[pri:3, instance:fundModule.VerifyUserCanAddFunds@73e9cf30]" started-at="2022-10-20T19:45:51 IST" name="VerifyUserCanOpenDepositeFundWindow" finished-at="2022-10-20T19:45:54 IST" depends-on-methods="fundModule.VerifyUserCanAddFunds.VerifyUserCanLogin" duration-ms="3205" status="PASS">
          <reporter-output>
          </reporter-output>
        </test-method> <!-- VerifyUserCanOpenDepositeFundWindow -->
        <test-method is-config="true" signature="afterMethod()[pri:0, instance:fundModule.VerifyUserCanAddFunds@73e9cf30]" started-at="2022-10-20T19:45:54 IST" name="afterMethod" finished-at="2022-10-20T19:45:54 IST" duration-ms="0" status="PASS">
          <reporter-output>
          </reporter-output>
        </test-method> <!-- afterMethod -->
        <test-method is-config="true" signature="beforeMethod()[pri:0, instance:fundModule.VerifyUserCanAddFunds@73e9cf30]" started-at="2022-10-20T19:45:54 IST" name="beforeMethod" finished-at="2022-10-20T19:45:54 IST" duration-ms="1" status="PASS">
          <reporter-output>
          </reporter-output>
        </test-method> <!-- beforeMethod -->
        <test-method signature="VerifyUserCanFillDepositeDetailsAdnContinue()[pri:4, instance:fundModule.VerifyUserCanAddFunds@73e9cf30]" started-at="2022-10-20T19:45:54 IST" name="VerifyUserCanFillDepositeDetailsAdnContinue" finished-at="2022-10-20T19:45:57 IST" depends-on-methods="fundModule.VerifyUserCanAddFunds.VerifyUserCanLogin" duration-ms="3066" status="PASS">
          <reporter-output>
          </reporter-output>
        </test-method> <!-- VerifyUserCanFillDepositeDetailsAdnContinue -->
        <test-method is-config="true" signature="afterMethod()[pri:0, instance:fundModule.VerifyUserCanAddFunds@73e9cf30]" started-at="2022-10-20T19:45:57 IST" name="afterMethod" finished-at="2022-10-20T19:45:57 IST" duration-ms="1" status="PASS">
          <reporter-output>
          </reporter-output>
        </test-method> <!-- afterMethod -->
        <test-method is-config="true" signature="afterClass()[pri:0, instance:fundModule.VerifyUserCanAddFunds@73e9cf30]" started-at="2022-10-20T19:45:57 IST" name="afterClass" finished-at="2022-10-20T19:45:57 IST" duration-ms="1" status="PASS">
          <reporter-output>
          </reporter-output>
        </test-method> <!-- afterClass -->
      </class> <!-- fundModule.VerifyUserCanAddFunds -->
    </test> <!-- Test -->
  </suite> <!-- Suite -->
</testng-results>
